2022-10-04 18:07:03.8186|0|DEBUG|Microsoft.Extensions.Hosting.Internal.Host|Hosting starting 
2022-10-04 18:07:03.9696|0|INFO|Microsoft.AspNetCore.DataProtection.KeyManagement.XmlKeyManager|User profile is available. Using 'C:\Users\38977\AppData\Local\ASP.NET\DataProtection-Keys' as key repository and Windows DPAPI to encrypt keys at rest. 
2022-10-04 18:07:04.0024|0|DEBUG|Microsoft.AspNetCore.DataProtection.Repositories.FileSystemXmlRepository|Reading data from file 'C:\Users\38977\AppData\Local\ASP.NET\DataProtection-Keys\key-5951f0e8-e7f6-4e85-8f0c-c03a4fd681c1.xml'. 
2022-10-04 18:07:04.0206|0|DEBUG|Microsoft.AspNetCore.DataProtection.Repositories.FileSystemXmlRepository|Reading data from file 'C:\Users\38977\AppData\Local\ASP.NET\DataProtection-Keys\key-9e24b6d0-5304-4a59-8c54-373215ea303a.xml'. 
2022-10-04 18:07:04.0521|0|DEBUG|Microsoft.AspNetCore.DataProtection.KeyManagement.XmlKeyManager|Found key {5951f0e8-e7f6-4e85-8f0c-c03a4fd681c1}. 
2022-10-04 18:07:04.0604|0|DEBUG|Microsoft.AspNetCore.DataProtection.KeyManagement.XmlKeyManager|Found key {9e24b6d0-5304-4a59-8c54-373215ea303a}. 
2022-10-04 18:07:04.0721|0|DEBUG|Microsoft.AspNetCore.DataProtection.KeyManagement.DefaultKeyResolver|Considering key {5951f0e8-e7f6-4e85-8f0c-c03a4fd681c1} with expiration date 2022-10-07 14:09:55Z as default key. 
2022-10-04 18:07:04.1582|0|DEBUG|Microsoft.AspNetCore.DataProtection.TypeForwardingActivator|Forwarded activator type request from Microsoft.AspNetCore.DataProtection.XmlEncryption.DpapiXmlDecryptor, Microsoft.AspNetCore.DataProtection, Version=3.1.15.0, Culture=neutral, PublicKeyToken=adb9793829ddae60 to Microsoft.AspNetCore.DataProtection.XmlEncryption.DpapiXmlDecryptor, Microsoft.AspNetCore.DataProtection, Culture=neutral, PublicKeyToken=adb9793829ddae60 
2022-10-04 18:07:04.1582|0|DEBUG|Microsoft.AspNetCore.DataProtection.XmlEncryption.DpapiXmlDecryptor|Decrypting secret element using Windows DPAPI. 
2022-10-04 18:07:04.1698|0|DEBUG|Microsoft.AspNetCore.DataProtection.TypeForwardingActivator|Forwarded activator type request from Microsoft.AspNetCore.DataProtection.AuthenticatedEncryption.ConfigurationModel.AuthenticatedEncryptorDescriptorDeserializer, Microsoft.AspNetCore.DataProtection, Version=3.1.15.0, Culture=neutral, PublicKeyToken=adb9793829ddae60 to Microsoft.AspNetCore.DataProtection.AuthenticatedEncryption.ConfigurationModel.AuthenticatedEncryptorDescriptorDeserializer, Microsoft.AspNetCore.DataProtection, Culture=neutral, PublicKeyToken=adb9793829ddae60 
2022-10-04 18:07:04.1698|0|DEBUG|Microsoft.AspNetCore.DataProtection.AuthenticatedEncryption.CngCbcAuthenticatedEncryptorFactory|Opening CNG algorithm 'AES' from provider '(null)' with chaining mode CBC. 
2022-10-04 18:07:04.1822|0|DEBUG|Microsoft.AspNetCore.DataProtection.AuthenticatedEncryption.CngCbcAuthenticatedEncryptorFactory|Opening CNG algorithm 'SHA256' from provider '(null)' with HMAC. 
2022-10-04 18:07:04.1822|0|DEBUG|Microsoft.AspNetCore.DataProtection.KeyManagement.KeyRingProvider|Using key {5951f0e8-e7f6-4e85-8f0c-c03a4fd681c1} as the default key. 
2022-10-04 18:07:04.1822|0|DEBUG|Microsoft.AspNetCore.DataProtection.Internal.DataProtectionHostedService|Key ring with default key {5951f0e8-e7f6-4e85-8f0c-c03a4fd681c1} was loaded during application startup. 
2022-10-04 18:07:05.8078|0|DEBUG|Microsoft.AspNetCore.Hosting.Diagnostics|Loaded hosting startup assembly Movie.Web 
2022-10-04 18:07:05.8078|0|INFO|Microsoft.Hosting.Lifetime|Application started. Press Ctrl+C to shut down. 
2022-10-04 18:07:05.8078|0|INFO|Microsoft.Hosting.Lifetime|Hosting environment: Development 
2022-10-04 18:07:05.8078|0|INFO|Microsoft.Hosting.Lifetime|Content root path: C:\Users\38977\source\repos\MovieIntegrirani\Movie.Web 
2022-10-04 18:07:05.8078|0|DEBUG|Microsoft.Extensions.Hosting.Internal.Host|Hosting started 
2022-10-04 18:07:06.0222|0|INFO|Microsoft.AspNetCore.Hosting.Diagnostics|Request starting HTTP/2.0 GET https://localhost:44362/   
2022-10-04 18:07:06.0250|0|DEBUG|Microsoft.AspNetCore.HostFiltering.HostFilteringMiddleware|Wildcard detected, all requests with hosts will be allowed. 
2022-10-04 18:07:06.0250|0|TRACE|Microsoft.AspNetCore.HostFiltering.HostFilteringMiddleware|All hosts are allowed. 
2022-10-04 18:07:06.4014|0|DEBUG|Microsoft.AspNetCore.StaticFiles.StaticFileMiddleware|The request path / does not match a supported file type 
2022-10-04 18:07:06.4249|0|DEBUG|Microsoft.AspNetCore.Mvc.Razor.Compilation.DefaultViewCompiler|Initializing Razor view compiler with compiled view: '/Areas/Identity/Pages/_ViewStart.cshtml'. 
2022-10-04 18:07:06.4249|0|DEBUG|Microsoft.AspNetCore.Mvc.Razor.Compilation.DefaultViewCompiler|Initializing Razor view compiler with compiled view: '/Views/Account/Login.cshtml'. 
2022-10-04 18:07:06.4249|0|DEBUG|Microsoft.AspNetCore.Mvc.Razor.Compilation.DefaultViewCompiler|Initializing Razor view compiler with compiled view: '/Views/Account/Register.cshtml'. 
2022-10-04 18:07:06.4249|0|DEBUG|Microsoft.AspNetCore.Mvc.Razor.Compilation.DefaultViewCompiler|Initializing Razor view compiler with compiled view: '/Views/FilmInf/Index.cshtml'. 
2022-10-04 18:07:06.4249|0|DEBUG|Microsoft.AspNetCore.Mvc.Razor.Compilation.DefaultViewCompiler|Initializing Razor view compiler with compiled view: '/Views/FilmInf/Movie.cshtml'. 
2022-10-04 18:07:06.4249|0|DEBUG|Microsoft.AspNetCore.Mvc.Razor.Compilation.DefaultViewCompiler|Initializing Razor view compiler with compiled view: '/Views/Home/Contact.cshtml'. 
2022-10-04 18:07:06.4249|0|DEBUG|Microsoft.AspNetCore.Mvc.Razor.Compilation.DefaultViewCompiler|Initializing Razor view compiler with compiled view: '/Views/Home/Index.cshtml'. 
2022-10-04 18:07:06.4249|0|DEBUG|Microsoft.AspNetCore.Mvc.Razor.Compilation.DefaultViewCompiler|Initializing Razor view compiler with compiled view: '/Views/Home/Privacy.cshtml'. 
2022-10-04 18:07:06.4249|0|DEBUG|Microsoft.AspNetCore.Mvc.Razor.Compilation.DefaultViewCompiler|Initializing Razor view compiler with compiled view: '/Views/Movie/AddTicketToCard.cshtml'. 
2022-10-04 18:07:06.4249|0|DEBUG|Microsoft.AspNetCore.Mvc.Razor.Compilation.DefaultViewCompiler|Initializing Razor view compiler with compiled view: '/Views/Movie/Create.cshtml'. 
2022-10-04 18:07:06.4249|0|DEBUG|Microsoft.AspNetCore.Mvc.Razor.Compilation.DefaultViewCompiler|Initializing Razor view compiler with compiled view: '/Views/Movie/Delete.cshtml'. 
2022-10-04 18:07:06.4249|0|DEBUG|Microsoft.AspNetCore.Mvc.Razor.Compilation.DefaultViewCompiler|Initializing Razor view compiler with compiled view: '/Views/Movie/Details.cshtml'. 
2022-10-04 18:07:06.4249|0|DEBUG|Microsoft.AspNetCore.Mvc.Razor.Compilation.DefaultViewCompiler|Initializing Razor view compiler with compiled view: '/Views/Movie/Edit.cshtml'. 
2022-10-04 18:07:06.4249|0|DEBUG|Microsoft.AspNetCore.Mvc.Razor.Compilation.DefaultViewCompiler|Initializing Razor view compiler with compiled view: '/Views/Movie/Index.cshtml'. 
2022-10-04 18:07:06.4249|0|DEBUG|Microsoft.AspNetCore.Mvc.Razor.Compilation.DefaultViewCompiler|Initializing Razor view compiler with compiled view: '/Views/Order/Index.cshtml'. 
2022-10-04 18:07:06.4249|0|DEBUG|Microsoft.AspNetCore.Mvc.Razor.Compilation.DefaultViewCompiler|Initializing Razor view compiler with compiled view: '/Views/Shared/Error.cshtml'. 
2022-10-04 18:07:06.4249|0|DEBUG|Microsoft.AspNetCore.Mvc.Razor.Compilation.DefaultViewCompiler|Initializing Razor view compiler with compiled view: '/Views/Shared/_Layout.cshtml'. 
2022-10-04 18:07:06.4249|0|DEBUG|Microsoft.AspNetCore.Mvc.Razor.Compilation.DefaultViewCompiler|Initializing Razor view compiler with compiled view: '/Views/Shared/_LoginPartial.cshtml'. 
2022-10-04 18:07:06.4249|0|DEBUG|Microsoft.AspNetCore.Mvc.Razor.Compilation.DefaultViewCompiler|Initializing Razor view compiler with compiled view: '/Views/Shared/_ValidationScriptsPartial.cshtml'. 
2022-10-04 18:07:06.4249|0|DEBUG|Microsoft.AspNetCore.Mvc.Razor.Compilation.DefaultViewCompiler|Initializing Razor view compiler with compiled view: '/Views/ShoppingCart/Index.cshtml'. 
2022-10-04 18:07:06.4249|0|DEBUG|Microsoft.AspNetCore.Mvc.Razor.Compilation.DefaultViewCompiler|Initializing Razor view compiler with compiled view: '/Views/User/Index.cshtml'. 
2022-10-04 18:07:06.4249|0|DEBUG|Microsoft.AspNetCore.Mvc.Razor.Compilation.DefaultViewCompiler|Initializing Razor view compiler with compiled view: '/Views/_ViewImports.cshtml'. 
2022-10-04 18:07:06.4249|0|DEBUG|Microsoft.AspNetCore.Mvc.Razor.Compilation.DefaultViewCompiler|Initializing Razor view compiler with compiled view: '/Views/_ViewStart.cshtml'. 
2022-10-04 18:07:06.4249|0|DEBUG|Microsoft.AspNetCore.Mvc.Razor.Compilation.DefaultViewCompiler|Initializing Razor view compiler with compiled view: '/Areas/Identity/Pages/Account/AccessDenied.cshtml'. 
2022-10-04 18:07:06.4249|0|DEBUG|Microsoft.AspNetCore.Mvc.Razor.Compilation.DefaultViewCompiler|Initializing Razor view compiler with compiled view: '/Areas/Identity/Pages/Account/ConfirmEmail.cshtml'. 
2022-10-04 18:07:06.4249|0|DEBUG|Microsoft.AspNetCore.Mvc.Razor.Compilation.DefaultViewCompiler|Initializing Razor view compiler with compiled view: '/Areas/Identity/Pages/Account/ConfirmEmailChange.cshtml'. 
2022-10-04 18:07:06.4249|0|DEBUG|Microsoft.AspNetCore.Mvc.Razor.Compilation.DefaultViewCompiler|Initializing Razor view compiler with compiled view: '/Areas/Identity/Pages/Account/ExternalLogin.cshtml'. 
2022-10-04 18:07:06.4249|0|DEBUG|Microsoft.AspNetCore.Mvc.Razor.Compilation.DefaultViewCompiler|Initializing Razor view compiler with compiled view: '/Areas/Identity/Pages/Account/ForgotPassword.cshtml'. 
2022-10-04 18:07:06.4249|0|DEBUG|Microsoft.AspNetCore.Mvc.Razor.Compilation.DefaultViewCompiler|Initializing Razor view compiler with compiled view: '/Areas/Identity/Pages/Account/ForgotPasswordConfirmation.cshtml'. 
2022-10-04 18:07:06.4288|0|DEBUG|Microsoft.AspNetCore.Mvc.Razor.Compilation.DefaultViewCompiler|Initializing Razor view compiler with compiled view: '/Areas/Identity/Pages/Account/Lockout.cshtml'. 
2022-10-04 18:07:06.4288|0|DEBUG|Microsoft.AspNetCore.Mvc.Razor.Compilation.DefaultViewCompiler|Initializing Razor view compiler with compiled view: '/Areas/Identity/Pages/Account/Login.cshtml'. 
2022-10-04 18:07:06.4288|0|DEBUG|Microsoft.AspNetCore.Mvc.Razor.Compilation.DefaultViewCompiler|Initializing Razor view compiler with compiled view: '/Areas/Identity/Pages/Account/LoginWith2fa.cshtml'. 
2022-10-04 18:07:06.4288|0|DEBUG|Microsoft.AspNetCore.Mvc.Razor.Compilation.DefaultViewCompiler|Initializing Razor view compiler with compiled view: '/Areas/Identity/Pages/Account/LoginWithRecoveryCode.cshtml'. 
2022-10-04 18:07:06.4288|0|DEBUG|Microsoft.AspNetCore.Mvc.Razor.Compilation.DefaultViewCompiler|Initializing Razor view compiler with compiled view: '/Areas/Identity/Pages/Account/Logout.cshtml'. 
2022-10-04 18:07:06.4288|0|DEBUG|Microsoft.AspNetCore.Mvc.Razor.Compilation.DefaultViewCompiler|Initializing Razor view compiler with compiled view: '/Areas/Identity/Pages/Account/Manage/ChangePassword.cshtml'. 
2022-10-04 18:07:06.4288|0|DEBUG|Microsoft.AspNetCore.Mvc.Razor.Compilation.DefaultViewCompiler|Initializing Razor view compiler with compiled view: '/Areas/Identity/Pages/Account/Manage/DeletePersonalData.cshtml'. 
2022-10-04 18:07:06.4288|0|DEBUG|Microsoft.AspNetCore.Mvc.Razor.Compilation.DefaultViewCompiler|Initializing Razor view compiler with compiled view: '/Areas/Identity/Pages/Account/Manage/Disable2fa.cshtml'. 
2022-10-04 18:07:06.4288|0|DEBUG|Microsoft.AspNetCore.Mvc.Razor.Compilation.DefaultViewCompiler|Initializing Razor view compiler with compiled view: '/Areas/Identity/Pages/Account/Manage/DownloadPersonalData.cshtml'. 
2022-10-04 18:07:06.4288|0|DEBUG|Microsoft.AspNetCore.Mvc.Razor.Compilation.DefaultViewCompiler|Initializing Razor view compiler with compiled view: '/Areas/Identity/Pages/Account/Manage/Email.cshtml'. 
2022-10-04 18:07:06.4288|0|DEBUG|Microsoft.AspNetCore.Mvc.Razor.Compilation.DefaultViewCompiler|Initializing Razor view compiler with compiled view: '/Areas/Identity/Pages/Account/Manage/EnableAuthenticator.cshtml'. 
2022-10-04 18:07:06.4288|0|DEBUG|Microsoft.AspNetCore.Mvc.Razor.Compilation.DefaultViewCompiler|Initializing Razor view compiler with compiled view: '/Areas/Identity/Pages/Account/Manage/ExternalLogins.cshtml'. 
2022-10-04 18:07:06.4288|0|DEBUG|Microsoft.AspNetCore.Mvc.Razor.Compilation.DefaultViewCompiler|Initializing Razor view compiler with compiled view: '/Areas/Identity/Pages/Account/Manage/GenerateRecoveryCodes.cshtml'. 
2022-10-04 18:07:06.4288|0|DEBUG|Microsoft.AspNetCore.Mvc.Razor.Compilation.DefaultViewCompiler|Initializing Razor view compiler with compiled view: '/Areas/Identity/Pages/Account/Manage/Index.cshtml'. 
2022-10-04 18:07:06.4288|0|DEBUG|Microsoft.AspNetCore.Mvc.Razor.Compilation.DefaultViewCompiler|Initializing Razor view compiler with compiled view: '/Areas/Identity/Pages/Account/Manage/PersonalData.cshtml'. 
2022-10-04 18:07:06.4288|0|DEBUG|Microsoft.AspNetCore.Mvc.Razor.Compilation.DefaultViewCompiler|Initializing Razor view compiler with compiled view: '/Areas/Identity/Pages/Account/Manage/ResetAuthenticator.cshtml'. 
2022-10-04 18:07:06.4288|0|DEBUG|Microsoft.AspNetCore.Mvc.Razor.Compilation.DefaultViewCompiler|Initializing Razor view compiler with compiled view: '/Areas/Identity/Pages/Account/Manage/SetPassword.cshtml'. 
2022-10-04 18:07:06.4288|0|DEBUG|Microsoft.AspNetCore.Mvc.Razor.Compilation.DefaultViewCompiler|Initializing Razor view compiler with compiled view: '/Areas/Identity/Pages/Account/Manage/ShowRecoveryCodes.cshtml'. 
2022-10-04 18:07:06.4288|0|DEBUG|Microsoft.AspNetCore.Mvc.Razor.Compilation.DefaultViewCompiler|Initializing Razor view compiler with compiled view: '/Areas/Identity/Pages/Account/Manage/TwoFactorAuthentication.cshtml'. 
2022-10-04 18:07:06.4288|0|DEBUG|Microsoft.AspNetCore.Mvc.Razor.Compilation.DefaultViewCompiler|Initializing Razor view compiler with compiled view: '/Areas/Identity/Pages/Account/Manage/_Layout.cshtml'. 
2022-10-04 18:07:06.4288|0|DEBUG|Microsoft.AspNetCore.Mvc.Razor.Compilation.DefaultViewCompiler|Initializing Razor view compiler with compiled view: '/Areas/Identity/Pages/Account/Manage/_ManageNav.cshtml'. 
2022-10-04 18:07:06.4288|0|DEBUG|Microsoft.AspNetCore.Mvc.Razor.Compilation.DefaultViewCompiler|Initializing Razor view compiler with compiled view: '/Areas/Identity/Pages/Account/Manage/_StatusMessage.cshtml'. 
2022-10-04 18:07:06.4288|0|DEBUG|Microsoft.AspNetCore.Mvc.Razor.Compilation.DefaultViewCompiler|Initializing Razor view compiler with compiled view: '/Areas/Identity/Pages/Account/Manage/_ViewImports.cshtml'. 
2022-10-04 18:07:06.4288|0|DEBUG|Microsoft.AspNetCore.Mvc.Razor.Compilation.DefaultViewCompiler|Initializing Razor view compiler with compiled view: '/Areas/Identity/Pages/Account/Manage/_ViewStart.cshtml'. 
2022-10-04 18:07:06.4288|0|DEBUG|Microsoft.AspNetCore.Mvc.Razor.Compilation.DefaultViewCompiler|Initializing Razor view compiler with compiled view: '/Areas/Identity/Pages/Account/Register.cshtml'. 
2022-10-04 18:07:06.4288|0|DEBUG|Microsoft.AspNetCore.Mvc.Razor.Compilation.DefaultViewCompiler|Initializing Razor view compiler with compiled view: '/Areas/Identity/Pages/Account/RegisterConfirmation.cshtml'. 
2022-10-04 18:07:06.4288|0|DEBUG|Microsoft.AspNetCore.Mvc.Razor.Compilation.DefaultViewCompiler|Initializing Razor view compiler with compiled view: '/Areas/Identity/Pages/Account/ResetPassword.cshtml'. 
2022-10-04 18:07:06.4288|0|DEBUG|Microsoft.AspNetCore.Mvc.Razor.Compilation.DefaultViewCompiler|Initializing Razor view compiler with compiled view: '/Areas/Identity/Pages/Account/ResetPasswordConfirmation.cshtml'. 
2022-10-04 18:07:06.4288|0|DEBUG|Microsoft.AspNetCore.Mvc.Razor.Compilation.DefaultViewCompiler|Initializing Razor view compiler with compiled view: '/Areas/Identity/Pages/Account/_StatusMessage.cshtml'. 
2022-10-04 18:07:06.4288|0|DEBUG|Microsoft.AspNetCore.Mvc.Razor.Compilation.DefaultViewCompiler|Initializing Razor view compiler with compiled view: '/Areas/Identity/Pages/Account/_ViewImports.cshtml'. 
2022-10-04 18:07:06.4288|0|DEBUG|Microsoft.AspNetCore.Mvc.Razor.Compilation.DefaultViewCompiler|Initializing Razor view compiler with compiled view: '/Areas/Identity/Pages/Error.cshtml'. 
2022-10-04 18:07:06.4288|0|DEBUG|Microsoft.AspNetCore.Mvc.Razor.Compilation.DefaultViewCompiler|Initializing Razor view compiler with compiled view: '/Areas/Identity/Pages/_Layout.cshtml'. 
2022-10-04 18:07:06.4288|0|DEBUG|Microsoft.AspNetCore.Mvc.Razor.Compilation.DefaultViewCompiler|Initializing Razor view compiler with compiled view: '/Areas/Identity/Pages/_ValidationScriptsPartial.cshtml'. 
2022-10-04 18:07:06.4288|0|DEBUG|Microsoft.AspNetCore.Mvc.Razor.Compilation.DefaultViewCompiler|Initializing Razor view compiler with compiled view: '/Areas/Identity/Pages/_ViewImports.cshtml'. 
2022-10-04 18:07:06.4288|0|DEBUG|Microsoft.AspNetCore.Mvc.Razor.Compilation.DefaultViewCompiler|Initializing Razor view compiler with compiled view: '/Areas/Identity/Pages/_ViewStart.cshtml'. 
2022-10-04 18:07:06.4869|0|DEBUG|Microsoft.AspNetCore.Routing.Matching.DfaMatcher|1 candidate(s) found for the request path '/' 
2022-10-04 18:07:06.4917|0|DEBUG|Microsoft.AspNetCore.Routing.Matching.DfaMatcher|Endpoint 'Movie.Web.Controllers.HomeController.Index (Movie.Web)' with route pattern '{controller=Home}/{action=Index}/{id?}' is valid for the request path '/' 
2022-10-04 18:07:06.4917|0|DEBUG|Microsoft.AspNetCore.Routing.EndpointRoutingMiddleware|Request matched endpoint 'Movie.Web.Controllers.HomeController.Index (Movie.Web)' 
2022-10-04 18:07:06.5244|0|DEBUG|Microsoft.AspNetCore.Authentication.Cookies.CookieAuthenticationHandler|AuthenticationScheme: Identity.Application was not authenticated. 
2022-10-04 18:07:06.5244|0|INFO|Microsoft.AspNetCore.Routing.EndpointMiddleware|Executing endpoint 'Movie.Web.Controllers.HomeController.Index (Movie.Web)' 
2022-10-04 18:07:06.5389|0|DEBUG|Microsoft.AspNetCore.Mvc.ModelBinding.ModelBinderFactory|Registered model binder providers, in the following order: Microsoft.AspNetCore.Mvc.ModelBinding.Binders.BinderTypeModelBinderProvider, Microsoft.AspNetCore.Mvc.ModelBinding.Binders.ServicesModelBinderProvider, Microsoft.AspNetCore.Mvc.ModelBinding.Binders.BodyModelBinderProvider, Microsoft.AspNetCore.Mvc.ModelBinding.Binders.HeaderModelBinderProvider, Microsoft.AspNetCore.Mvc.ModelBinding.Binders.FloatingPointTypeModelBinderProvider, Microsoft.AspNetCore.Mvc.ModelBinding.Binders.EnumTypeModelBinderProvider, Microsoft.AspNetCore.Mvc.ModelBinding.Binders.SimpleTypeModelBinderProvider, Microsoft.AspNetCore.Mvc.ModelBinding.Binders.CancellationTokenModelBinderProvider, Microsoft.AspNetCore.Mvc.ModelBinding.Binders.ByteArrayModelBinderProvider, Microsoft.AspNetCore.Mvc.ModelBinding.Binders.FormFileModelBinderProvider, Microsoft.AspNetCore.Mvc.ModelBinding.Binders.FormCollectionModelBinderProvider, Microsoft.AspNetCore.Mvc.ModelBinding.Binders.KeyValuePairModelBinderProvider, Microsoft.AspNetCore.Mvc.ModelBinding.Binders.DictionaryModelBinderProvider, Microsoft.AspNetCore.Mvc.ModelBinding.Binders.ArrayModelBinderProvider, Microsoft.AspNetCore.Mvc.ModelBinding.Binders.CollectionModelBinderProvider, Microsoft.AspNetCore.Mvc.ModelBinding.Binders.ComplexTypeModelBinderProvider 
2022-10-04 18:07:06.6777|0|INFO|Microsoft.AspNetCore.Mvc.Infrastructure.ControllerActionInvoker|Route matched with {action = "Index", controller = "Home", page = "", area = ""}. Executing controller action with signature Microsoft.AspNetCore.Mvc.IActionResult Index() on controller Movie.Web.Controllers.HomeController (Movie.Web). 
2022-10-04 18:07:06.6795|0|DEBUG|Microsoft.AspNetCore.Mvc.Infrastructure.ControllerActionInvoker|Execution plan of authorization filters (in the following order): None 
2022-10-04 18:07:06.6795|0|DEBUG|Microsoft.AspNetCore.Mvc.Infrastructure.ControllerActionInvoker|Execution plan of resource filters (in the following order): Microsoft.AspNetCore.Mvc.ViewFeatures.Filters.SaveTempDataFilter 
2022-10-04 18:07:06.6795|0|DEBUG|Microsoft.AspNetCore.Mvc.Infrastructure.ControllerActionInvoker|Execution plan of action filters (in the following order): Microsoft.AspNetCore.Mvc.Filters.ControllerActionFilter (Order: -2147483648), Microsoft.AspNetCore.Mvc.ModelBinding.UnsupportedContentTypeFilter (Order: -3000) 
2022-10-04 18:07:06.6795|0|DEBUG|Microsoft.AspNetCore.Mvc.Infrastructure.ControllerActionInvoker|Execution plan of exception filters (in the following order): None 
2022-10-04 18:07:06.6795|0|DEBUG|Microsoft.AspNetCore.Mvc.Infrastructure.ControllerActionInvoker|Execution plan of result filters (in the following order): Microsoft.AspNetCore.Mvc.ViewFeatures.Filters.SaveTempDataFilter 
2022-10-04 18:07:06.6795|0|TRACE|Microsoft.AspNetCore.Mvc.Infrastructure.ControllerActionInvoker|Resource Filter: Before executing OnResourceExecuting on filter Microsoft.AspNetCore.Mvc.ViewFeatures.Filters.SaveTempDataFilter. 
2022-10-04 18:07:06.6795|0|TRACE|Microsoft.AspNetCore.Mvc.Infrastructure.ControllerActionInvoker|Resource Filter: After executing OnResourceExecuting on filter Microsoft.AspNetCore.Mvc.ViewFeatures.Filters.SaveTempDataFilter. 
2022-10-04 18:07:06.6795|0|DEBUG|Microsoft.AspNetCore.Mvc.Infrastructure.ControllerActionInvoker|Executing controller factory for controller Movie.Web.Controllers.HomeController (Movie.Web) 
2022-10-04 18:07:07.2415|0|DEBUG|Microsoft.EntityFrameworkCore.Infrastructure|An 'IServiceProvider' was created for internal use by Entity Framework. 
2022-10-04 18:07:08.3977|0|DEBUG|Microsoft.EntityFrameworkCore.Model|The index {'UserId'} was not created on entity type 'IdentityUserRole<string>' as the properties are already covered by the index {'UserId', 'RoleId'}. 
2022-10-04 18:07:08.3977|0|DEBUG|Microsoft.EntityFrameworkCore.Model|The index {'UserId'} was not created on entity type 'IdentityUserToken<string>' as the properties are already covered by the index {'UserId', 'LoginProvider', 'Name'}. 
2022-10-04 18:07:08.6669|0|INFO|Microsoft.EntityFrameworkCore.Infrastructure|Entity Framework Core 3.1.15 initialized 'ApplicationDbContext' using provider 'Microsoft.EntityFrameworkCore.SqlServer' with options: None 
2022-10-04 18:07:08.6669|0|DEBUG|Microsoft.AspNetCore.Mvc.Infrastructure.ControllerActionInvoker|Executed controller factory for controller Movie.Web.Controllers.HomeController (Movie.Web) 
2022-10-04 18:07:08.6669|0|TRACE|Microsoft.AspNetCore.Mvc.Infrastructure.ControllerActionInvoker|Action Filter: Before executing OnActionExecutionAsync on filter Microsoft.AspNetCore.Mvc.Filters.ControllerActionFilter. 
2022-10-04 18:07:08.6669|0|TRACE|Microsoft.AspNetCore.Mvc.Infrastructure.ControllerActionInvoker|Action Filter: Before executing OnActionExecuting on filter Microsoft.AspNetCore.Mvc.ModelBinding.UnsupportedContentTypeFilter. 
2022-10-04 18:07:08.6669|0|TRACE|Microsoft.AspNetCore.Mvc.Infrastructure.ControllerActionInvoker|Action Filter: After executing OnActionExecuting on filter Microsoft.AspNetCore.Mvc.ModelBinding.UnsupportedContentTypeFilter. 
2022-10-04 18:07:08.6669|0|INFO|Microsoft.AspNetCore.Mvc.Infrastructure.ControllerActionInvoker|Executing action method Movie.Web.Controllers.HomeController.Index (Movie.Web) - Validation state: Valid 
2022-10-04 18:07:08.6820|0|INFO|Microsoft.AspNetCore.Mvc.Infrastructure.ControllerActionInvoker|Executed action method Movie.Web.Controllers.HomeController.Index (Movie.Web), returned result Microsoft.AspNetCore.Mvc.ViewResult in 1.6996ms. 
2022-10-04 18:07:08.6820|0|TRACE|Microsoft.AspNetCore.Mvc.Infrastructure.ControllerActionInvoker|Action Filter: Before executing OnActionExecuted on filter Microsoft.AspNetCore.Mvc.ModelBinding.UnsupportedContentTypeFilter. 
2022-10-04 18:07:08.6820|0|TRACE|Microsoft.AspNetCore.Mvc.Infrastructure.ControllerActionInvoker|Action Filter: After executing OnActionExecuted on filter Microsoft.AspNetCore.Mvc.ModelBinding.UnsupportedContentTypeFilter. 
2022-10-04 18:07:08.6820|0|TRACE|Microsoft.AspNetCore.Mvc.Infrastructure.ControllerActionInvoker|Action Filter: After executing OnActionExecutionAsync on filter Microsoft.AspNetCore.Mvc.Filters.ControllerActionFilter. 
2022-10-04 18:07:08.6820|0|TRACE|Microsoft.AspNetCore.Mvc.Infrastructure.ControllerActionInvoker|Result Filter: Before executing OnResultExecuting on filter Microsoft.AspNetCore.Mvc.ViewFeatures.Filters.SaveTempDataFilter. 
2022-10-04 18:07:08.6820|0|TRACE|Microsoft.AspNetCore.Mvc.Infrastructure.ControllerActionInvoker|Result Filter: After executing OnResultExecuting on filter Microsoft.AspNetCore.Mvc.ViewFeatures.Filters.SaveTempDataFilter. 
2022-10-04 18:07:08.6820|0|TRACE|Microsoft.AspNetCore.Mvc.Infrastructure.ControllerActionInvoker|Before executing action result Microsoft.AspNetCore.Mvc.ViewResult. 
2022-10-04 18:07:08.6820|0|DEBUG|Microsoft.AspNetCore.Mvc.Razor.RazorViewEngine|View lookup cache miss for view 'Index' in controller 'Home'. 
2022-10-04 18:07:08.6820|0|TRACE|Microsoft.AspNetCore.Mvc.Razor.Compilation.DefaultViewCompiler|Located compiled view for view at path '/Views/Home/Index.cshtml'. 
2022-10-04 18:07:08.6820|0|TRACE|Microsoft.AspNetCore.Mvc.Razor.Compilation.DefaultViewCompiler|Could not find a file for view at path '/Views/Home/_ViewStart.cshtml'. 
2022-10-04 18:07:08.6820|0|TRACE|Microsoft.AspNetCore.Mvc.Razor.Compilation.DefaultViewCompiler|Located compiled view for view at path '/Views/_ViewStart.cshtml'. 
2022-10-04 18:07:08.6948|0|TRACE|Microsoft.AspNetCore.Mvc.Razor.Compilation.DefaultViewCompiler|Could not find a file for view at path '/_ViewStart.cshtml'. 
2022-10-04 18:07:08.6948|0|INFO|Microsoft.AspNetCore.Mvc.ViewFeatures.ViewResultExecutor|Executing ViewResult, running view Index. 
2022-10-04 18:07:08.6948|0|DEBUG|Microsoft.AspNetCore.Mvc.ViewFeatures.ViewResultExecutor|The view path '/Views/Home/Index.cshtml' was found in 10.8373ms. 
2022-10-04 18:07:08.8174|0|DEBUG|Microsoft.AspNetCore.Mvc.Razor.RazorViewEngine|View lookup cache miss for view '_Layout' in controller 'Home'. 
2022-10-04 18:07:08.8174|0|TRACE|Microsoft.AspNetCore.Mvc.Razor.Compilation.DefaultViewCompiler|Could not find a file for view at path '/Views/Home/_Layout.cshtml'. 
2022-10-04 18:07:08.8174|0|TRACE|Microsoft.AspNetCore.Mvc.Razor.Compilation.DefaultViewCompiler|Located compiled view for view at path '/Views/Shared/_Layout.cshtml'. 
2022-10-04 18:07:08.8808|0|DEBUG|Microsoft.AspNetCore.Routing.DefaultLinkGenerator|Found the endpoints Route: {controller=Home}/{action=Index}/{id?} for address Microsoft.AspNetCore.Routing.RouteValuesAddress 
2022-10-04 18:07:08.8884|0|DEBUG|Microsoft.AspNetCore.Routing.DefaultLinkGenerator|Successfully processed template {controller=Home}/{action=Index}/{id?} for Route: {controller=Home}/{action=Index}/{id?} resulting in  and  
2022-10-04 18:07:08.9290|0|DEBUG|Microsoft.AspNetCore.Routing.DefaultLinkGenerator|Link generation succeeded for endpoints Route: {controller=Home}/{action=Index}/{id?} with result / 
2022-10-04 18:07:08.9290|0|DEBUG|Microsoft.AspNetCore.Mvc.Razor.RazorViewEngine|View lookup cache miss for view '_LoginPartial' in controller 'Home'. 
2022-10-04 18:07:08.9290|0|TRACE|Microsoft.AspNetCore.Mvc.Razor.Compilation.DefaultViewCompiler|Could not find a file for view at path '/Views/Home/_LoginPartial.cshtml'. 
2022-10-04 18:07:08.9290|0|TRACE|Microsoft.AspNetCore.Mvc.Razor.Compilation.DefaultViewCompiler|Located compiled view for view at path '/Views/Shared/_LoginPartial.cshtml'. 
2022-10-04 18:07:08.9468|0|DEBUG|Microsoft.AspNetCore.Routing.DefaultLinkGenerator|Found the endpoints Route: {controller=Home}/{action=Index}/{id?} for address Microsoft.AspNetCore.Routing.RouteValuesAddress 
2022-10-04 18:07:08.9468|0|DEBUG|Microsoft.AspNetCore.Routing.DefaultLinkGenerator|Successfully processed template {controller=Home}/{action=Index}/{id?} for Route: {controller=Home}/{action=Index}/{id?} resulting in /Account/Register and  
2022-10-04 18:07:08.9468|0|DEBUG|Microsoft.AspNetCore.Routing.DefaultLinkGenerator|Link generation succeeded for endpoints Route: {controller=Home}/{action=Index}/{id?} with result /Account/Register 
2022-10-04 18:07:08.9468|0|DEBUG|Microsoft.AspNetCore.Routing.DefaultLinkGenerator|Found the endpoints Route: {controller=Home}/{action=Index}/{id?} for address Microsoft.AspNetCore.Routing.RouteValuesAddress 
2022-10-04 18:07:08.9468|0|DEBUG|Microsoft.AspNetCore.Routing.DefaultLinkGenerator|Successfully processed template {controller=Home}/{action=Index}/{id?} for Route: {controller=Home}/{action=Index}/{id?} resulting in /Account/Login and  
2022-10-04 18:07:08.9468|0|DEBUG|Microsoft.AspNetCore.Routing.DefaultLinkGenerator|Link generation succeeded for endpoints Route: {controller=Home}/{action=Index}/{id?} with result /Account/Login 
2022-10-04 18:07:08.9468|0|DEBUG|Microsoft.AspNetCore.Routing.DefaultLinkGenerator|Found the endpoints Route: {controller=Home}/{action=Index}/{id?} for address Microsoft.AspNetCore.Routing.RouteValuesAddress 
2022-10-04 18:07:08.9468|0|DEBUG|Microsoft.AspNetCore.Routing.DefaultLinkGenerator|Successfully processed template {controller=Home}/{action=Index}/{id?} for Route: {controller=Home}/{action=Index}/{id?} resulting in  and  
2022-10-04 18:07:08.9468|0|DEBUG|Microsoft.AspNetCore.Routing.DefaultLinkGenerator|Link generation succeeded for endpoints Route: {controller=Home}/{action=Index}/{id?} with result / 
2022-10-04 18:07:08.9468|0|DEBUG|Microsoft.AspNetCore.Routing.DefaultLinkGenerator|Found the endpoints Route: {controller=Home}/{action=Index}/{id?} for address Microsoft.AspNetCore.Routing.RouteValuesAddress 
2022-10-04 18:07:08.9468|0|DEBUG|Microsoft.AspNetCore.Routing.DefaultLinkGenerator|Successfully processed template {controller=Home}/{action=Index}/{id?} for Route: {controller=Home}/{action=Index}/{id?} resulting in /Home/Privacy and  
2022-10-04 18:07:08.9468|0|DEBUG|Microsoft.AspNetCore.Routing.DefaultLinkGenerator|Link generation succeeded for endpoints Route: {controller=Home}/{action=Index}/{id?} with result /Home/Privacy 
2022-10-04 18:07:08.9468|0|DEBUG|Microsoft.AspNetCore.Routing.DefaultLinkGenerator|Found the endpoints Route: {controller=Home}/{action=Index}/{id?} for address Microsoft.AspNetCore.Routing.RouteValuesAddress 
2022-10-04 18:07:08.9468|0|DEBUG|Microsoft.AspNetCore.Routing.DefaultLinkGenerator|Successfully processed template {controller=Home}/{action=Index}/{id?} for Route: {controller=Home}/{action=Index}/{id?} resulting in /Movie and  
2022-10-04 18:07:08.9468|0|DEBUG|Microsoft.AspNetCore.Routing.DefaultLinkGenerator|Link generation succeeded for endpoints Route: {controller=Home}/{action=Index}/{id?} with result /Movie 
2022-10-04 18:07:08.9468|0|DEBUG|Microsoft.AspNetCore.Routing.DefaultLinkGenerator|Found the endpoints Route: {controller=Home}/{action=Index}/{id?} for address Microsoft.AspNetCore.Routing.RouteValuesAddress 
2022-10-04 18:07:08.9468|0|DEBUG|Microsoft.AspNetCore.Routing.DefaultLinkGenerator|Successfully processed template {controller=Home}/{action=Index}/{id?} for Route: {controller=Home}/{action=Index}/{id?} resulting in /ShoppingCart and  
2022-10-04 18:07:08.9468|0|DEBUG|Microsoft.AspNetCore.Routing.DefaultLinkGenerator|Link generation succeeded for endpoints Route: {controller=Home}/{action=Index}/{id?} with result /ShoppingCart 
2022-10-04 18:07:08.9468|0|DEBUG|Microsoft.AspNetCore.Routing.DefaultLinkGenerator|Found the endpoints Route: {controller=Home}/{action=Index}/{id?} for address Microsoft.AspNetCore.Routing.RouteValuesAddress 
2022-10-04 18:07:08.9468|0|DEBUG|Microsoft.AspNetCore.Routing.DefaultLinkGenerator|Successfully processed template {controller=Home}/{action=Index}/{id?} for Route: {controller=Home}/{action=Index}/{id?} resulting in /FilmInf/Movie and  
2022-10-04 18:07:08.9468|0|DEBUG|Microsoft.AspNetCore.Routing.DefaultLinkGenerator|Link generation succeeded for endpoints Route: {controller=Home}/{action=Index}/{id?} with result /FilmInf/Movie 
2022-10-04 18:07:08.9468|0|DEBUG|Microsoft.AspNetCore.Routing.DefaultLinkGenerator|Found the endpoints Route: {controller=Home}/{action=Index}/{id?} for address Microsoft.AspNetCore.Routing.RouteValuesAddress 
2022-10-04 18:07:08.9468|0|DEBUG|Microsoft.AspNetCore.Routing.DefaultLinkGenerator|Successfully processed template {controller=Home}/{action=Index}/{id?} for Route: {controller=Home}/{action=Index}/{id?} resulting in /Order and  
2022-10-04 18:07:08.9468|0|DEBUG|Microsoft.AspNetCore.Routing.DefaultLinkGenerator|Link generation succeeded for endpoints Route: {controller=Home}/{action=Index}/{id?} with result /Order 
2022-10-04 18:07:08.9602|0|DEBUG|Microsoft.AspNetCore.Routing.DefaultLinkGenerator|Found the endpoints Route: {controller=Home}/{action=Index}/{id?} for address Microsoft.AspNetCore.Routing.RouteValuesAddress 
2022-10-04 18:07:08.9602|0|DEBUG|Microsoft.AspNetCore.Routing.DefaultLinkGenerator|Successfully processed template {controller=Home}/{action=Index}/{id?} for Route: {controller=Home}/{action=Index}/{id?} resulting in /Home/Contact and  
2022-10-04 18:07:08.9602|0|DEBUG|Microsoft.AspNetCore.Routing.DefaultLinkGenerator|Link generation succeeded for endpoints Route: {controller=Home}/{action=Index}/{id?} with result /Home/Contact 
2022-10-04 18:07:08.9602|0|DEBUG|Microsoft.AspNetCore.Routing.DefaultLinkGenerator|Found the endpoints Route: {controller=Home}/{action=Index}/{id?} for address Microsoft.AspNetCore.Routing.RouteValuesAddress 
2022-10-04 18:07:08.9602|0|DEBUG|Microsoft.AspNetCore.Routing.DefaultLinkGenerator|Successfully processed template {controller=Home}/{action=Index}/{id?} for Route: {controller=Home}/{action=Index}/{id?} resulting in /Home/Privacy and  
2022-10-04 18:07:08.9602|0|DEBUG|Microsoft.AspNetCore.Routing.DefaultLinkGenerator|Link generation succeeded for endpoints Route: {controller=Home}/{action=Index}/{id?} with result /Home/Privacy 
2022-10-04 18:07:09.0142|0|INFO|Microsoft.AspNetCore.Mvc.ViewFeatures.ViewResultExecutor|Executed ViewResult - view Index executed in 327.8303ms. 
2022-10-04 18:07:09.0142|0|TRACE|Microsoft.AspNetCore.Mvc.Infrastructure.ControllerActionInvoker|After executing action result Microsoft.AspNetCore.Mvc.ViewResult. 
2022-10-04 18:07:09.0142|0|TRACE|Microsoft.AspNetCore.Mvc.Infrastructure.ControllerActionInvoker|Result Filter: Before executing OnResultExecuted on filter Microsoft.AspNetCore.Mvc.ViewFeatures.Filters.SaveTempDataFilter. 
2022-10-04 18:07:09.0142|0|TRACE|Microsoft.AspNetCore.Mvc.Infrastructure.ControllerActionInvoker|Result Filter: After executing OnResultExecuted on filter Microsoft.AspNetCore.Mvc.ViewFeatures.Filters.SaveTempDataFilter. 
2022-10-04 18:07:09.0142|0|TRACE|Microsoft.AspNetCore.Mvc.Infrastructure.ControllerActionInvoker|Resource Filter: Before executing OnResourceExecuted on filter Microsoft.AspNetCore.Mvc.ViewFeatures.Filters.SaveTempDataFilter. 
2022-10-04 18:07:09.0142|0|TRACE|Microsoft.AspNetCore.Mvc.Infrastructure.ControllerActionInvoker|Resource Filter: After executing OnResourceExecuted on filter Microsoft.AspNetCore.Mvc.ViewFeatures.Filters.SaveTempDataFilter. 
2022-10-04 18:07:09.0142|0|INFO|Microsoft.AspNetCore.Mvc.Infrastructure.ControllerActionInvoker|Executed action Movie.Web.Controllers.HomeController.Index (Movie.Web) in 2334.5551ms 
2022-10-04 18:07:09.0142|0|INFO|Microsoft.AspNetCore.Routing.EndpointMiddleware|Executed endpoint 'Movie.Web.Controllers.HomeController.Index (Movie.Web)' 
2022-10-04 18:07:09.0237|0|DEBUG|Microsoft.EntityFrameworkCore.Infrastructure|'ApplicationDbContext' disposed. 
2022-10-04 18:07:09.0237|0|INFO|Microsoft.AspNetCore.Hosting.Diagnostics|Request finished in 3015.2687ms 200 text/html; charset=utf-8 
